
Total no. pts: 2521848

Total I/- time: 11.9046(s)

Gridify the point cloud...
Gridify finished in 3.08819(s)
Grid size: 16
Total # cells: 558260
Avg # pts per cell: 4.51734

Processing mesh #0

Total # of failed cells: 12

Total user time: 1468.95(s)

Grid saved in 36.288(s)
Total -/O time: 36.288(s)


Total no. pts: 1256429

Total I/- time: 5.72342(s)

Gridify the point cloud...
Gridify finished in 1.73532(s)
Grid size: 24
Total # cells: 249191
Avg # pts per cell: 5.04203

Processing mesh #0

Total # of failed cells: 0

Total user time: 747.35(s)

Grid saved in 18.028(s)
Total -/O time: 18.0281(s)


Total no. pts: 624896

Total I/- time: 2.79519(s)

Gridify the point cloud...
Gridify finished in 0.7931(s)
Grid size: 30
Total # cells: 150345
Avg # pts per cell: 4.15641

Processing mesh #0

Total # of failed cells: 0

Total user time: 314.246(s)

Grid saved in 9.11153(s)
Total -/O time: 9.11157(s)


Total no. pts: 311060

Total I/- time: 1.23987(s)

Gridify the point cloud...
Gridify finished in 0.449865(s)
Grid size: 40
Total # cells: 81304
Avg # pts per cell: 3.82589

Processing mesh #0

Total # of failed cells: 0

Total user time: 153.726(s)

Grid saved in 5.28919(s)
Total -/O time: 5.28922(s)


Total no. pts: 4500895

Total I/- time: 20.8935(s)

Gridify the point cloud...
Gridify finished in 4.74913(s)
Grid size: 18
Total # cells: 789854
Avg # pts per cell: 5.69839

Processing mesh #0

Total # of failed cells: 14

Total user time: 2723.28(s)

Grid saved in 57.6115(s)
Total -/O time: 57.6116(s)


Total no. pts: 2257100

Total I/- time: 11.1193(s)

Gridify the point cloud...
Gridify finished in 2.43352(s)
Grid size: 24
Total # cells: 437314
Avg # pts per cell: 5.16128

Processing mesh #0

Total # of failed cells: 0

Total user time: 1357.02(s)

Grid saved in 30.2109(s)
Total -/O time: 30.2109(s)


Total no. pts: 1130894

Total I/- time: 4.99593(s)

Gridify the point cloud...
Gridify finished in 1.59979(s)
Grid size: 32
Total # cells: 237085
Avg # pts per cell: 4.76999

Processing mesh #0

Total # of failed cells: 0

Total user time: 589.267(s)

Grid saved in 16.7675(s)
Total -/O time: 16.7675(s)


Total no. pts: 564833

Total I/- time: 2.603(s)

Gridify the point cloud...
Gridify finished in 0.645315(s)
Grid size: 42
Total # cells: 131994
Avg # pts per cell: 4.27923

Processing mesh #0

Total # of failed cells: 0

Total user time: 266.222(s)

Grid saved in 11.9317(s)
Total -/O time: 11.9318(s)


Total no. pts: 3228290

Total I/- time: 14.6905(s)

Gridify the point cloud...
Gridify finished in 3.46384(s)
Grid size: 18
Total # cells: 571372
Avg # pts per cell: 5.65007

Processing mesh #0

Total # of failed cells: 5

Total user time: 2001.99(s)

Grid saved in 40.9225(s)
Total -/O time: 40.9225(s)


Total no. pts: 1620697

Total I/- time: 7.53737(s)

Gridify the point cloud...
Gridify finished in 1.55(s)
Grid size: 24
Total # cells: 311542
Avg # pts per cell: 5.20218

Processing mesh #0

Total # of failed cells: 0

Total user time: 907.968(s)

Grid saved in 21.234(s)
Total -/O time: 21.234(s)


Total no. pts: 804019

Total I/- time: 4.14326(s)

Gridify the point cloud...
Gridify finished in 1.01407(s)
Grid size: 32
Total # cells: 166231
Avg # pts per cell: 4.83676

Processing mesh #0

Total # of failed cells: 0

Total user time: 412.444(s)

Grid saved in 11.6766(s)
Total -/O time: 11.6766(s)


Total no. pts: 398368

Total I/- time: 2.25759(s)

Gridify the point cloud...
Gridify finished in 0.576174(s)
Grid size: 42
Total # cells: 91770
Avg # pts per cell: 4.34094

Processing mesh #0

Total # of failed cells: 0

Total user time: 191.624(s)

Grid saved in 6.23825(s)
Total -/O time: 6.2383(s)

